<?xml version="1.0" encoding="UTF-8"?>
<!-- Generated by org.testng.reporters.JUnitReportReporter -->
<testsuite hostname="DESKTOP-VA3AMHQ" failures="0" tests="6" name="tests.SubmitOrderTest" time="15.960" errors="0" timestamp="2025-02-24T16:49:53 EET" skipped="0">
  <testcase classname="tests.SubmitOrderTest" name="submitOrder" time="2.356"/>
  <testcase classname="tests.SubmitOrderTest" name="submitOrder" time="2.367"/>
  <testcase classname="tests.SubmitOrderTest" name="submitMultipleOrders" time="2.944"/>
  <testcase classname="tests.SubmitOrderTest" name="submitMultipleOrders" time="3.074"/>
  <testcase classname="tests.SubmitOrderTest" name="submitMultipleOrders" time="2.892"/>
  <testcase classname="tests.SubmitOrderTest" name="submitOrder" time="2.327"/>
</testsuite> <!-- tests.SubmitOrderTest -->
