<?xml version="1.0" encoding="UTF-8"?>
<!-- Generated by org.testng.reporters.JUnitReportReporter -->
<testsuite hostname="DESKTOP-VA3AMHQ" failures="0" tests="1" name="CucumberTests.TestNGTestRunner" time="4.789" errors="0" timestamp="2025-03-12T13:19:32 EET" skipped="0">
  <testcase classname="CucumberTests.TestNGTestRunner" name="runScenario" time="4.789"/>
</testsuite> <!-- CucumberTests.TestNGTestRunner -->
