<?xml version="1.0" encoding="UTF-8"?>
<!-- Generated by org.testng.reporters.JUnitReportReporter -->
<testsuite hostname="DESKTOP-VA3AMHQ" failures="0" tests="2" name="CucumberTests.TestNGTestRunner" time="4.509" errors="0" timestamp="2025-03-15T19:40:20 EET" skipped="0">
  <testcase classname="CucumberTests.TestNGTestRunner" name="runScenario" time="2.856"/>
  <testcase classname="CucumberTests.TestNGTestRunner" name="runScenario" time="1.653"/>
</testsuite> <!-- CucumberTests.TestNGTestRunner -->
