<?xml version="1.0" encoding="UTF-8"?>
<!-- Generated by org.testng.reporters.JUnitReportReporter -->
<testsuite hostname="DESKTOP-VA3AMHQ" failures="0" tests="1" name="tests.InitialTest" time="4.165" errors="0" timestamp="2025-02-17T15:09:49 EET" skipped="0">
  <testcase classname="tests.InitialTest" name="testBeforeRefactor" time="4.165"/>
</testsuite> <!-- tests.InitialTest -->
