<?xml version="1.0" encoding="UTF-8"?>
<!-- Generated by org.testng.reporters.JUnitReportReporter -->
<testsuite hostname="DESKTOP-VA3AMHQ" failures="0" tests="1" name="tests.GetPriceTest" time="3.169" errors="0" timestamp="2025-02-13T20:07:42 EET" skipped="0">
  <testcase classname="tests.GetPriceTest" name="test" time="3.169"/>
</testsuite> <!-- tests.GetPriceTest -->
