<?xml version="1.0" encoding="UTF-8"?>
<!-- Generated by org.testng.reporters.JUnitReportReporter -->
<testsuite hostname="DESKTOP-VA3AMHQ" failures="0" tests="3" name="tests.SubmitOrderTest" time="14.158" errors="0" timestamp="2025-03-05T16:20:39 EET" skipped="0">
  <testcase classname="tests.SubmitOrderTest" name="testBrokenLinks" time="4.824"/>
  <testcase classname="tests.SubmitOrderTest" name="testBrokenLinks" time="4.897"/>
  <testcase classname="tests.SubmitOrderTest" name="testBrokenLinks" time="4.437"/>
</testsuite> <!-- tests.SubmitOrderTest -->
