<?xml version="1.0" encoding="UTF-8"?>
<!-- Generated by org.testng.reporters.JUnitReportReporter -->
<testsuite hostname="DESKTOP-VA3AMHQ" failures="0" tests="6" name="tests.SubmitOrderTest" time="16.559" errors="0" timestamp="2025-02-19T15:43:58 EET" skipped="0">
  <testcase classname="tests.SubmitOrderTest" name="submitOrder" time="2.546"/>
  <testcase classname="tests.SubmitOrderTest" name="submitOrder" time="2.492"/>
  <testcase classname="tests.SubmitOrderTest" name="submitMultipleOrders" time="2.941"/>
  <testcase classname="tests.SubmitOrderTest" name="submitOrder" time="2.480"/>
  <testcase classname="tests.SubmitOrderTest" name="submitMultipleOrders" time="3.077"/>
  <testcase classname="tests.SubmitOrderTest" name="submitMultipleOrders" time="3.023"/>
</testsuite> <!-- tests.SubmitOrderTest -->
