<?xml version="1.0" encoding="UTF-8"?>
<!-- Generated by org.testng.reporters.JUnitReportReporter -->
<testsuite hostname="DESKTOP-VA3AMHQ" failures="0" tests="1" name="tests.InitialTest" time="1.793" errors="0" timestamp="2025-02-19T15:32:48 EET" skipped="0">
  <testcase classname="tests.InitialTest" name="testBeforeRefactor" time="1.793"/>
</testsuite> <!-- tests.InitialTest -->
