<?xml version="1.0" encoding="UTF-8"?>
<!-- Generated by org.testng.reporters.JUnitReportReporter -->
<testsuite hostname="DESKTOP-VA3AMHQ" failures="0" tests="6" name="tests.SubmitOrderTest" time="16.943" errors="0" timestamp="2025-02-24T17:20:22 EET" skipped="0">
  <testcase classname="tests.SubmitOrderTest" name="submitMultipleOrders" time="2.819"/>
  <testcase classname="tests.SubmitOrderTest" name="submitOrder" time="2.498"/>
  <testcase classname="tests.SubmitOrderTest" name="submitOrder" time="2.407"/>
  <testcase classname="tests.SubmitOrderTest" name="submitOrder" time="2.421"/>
  <testcase classname="tests.SubmitOrderTest" name="submitMultipleOrders" time="3.848"/>
  <testcase classname="tests.SubmitOrderTest" name="submitMultipleOrders" time="2.950"/>
</testsuite> <!-- tests.SubmitOrderTest -->
